2026-05-19 12:06:28,058 [INFO] __main__: ============================================================
2026-05-19 12:06:28,059 [INFO] __main__: Navigation system started
2026-05-19 12:06:28,059 [INFO] __main__: Version: 1.0.0
2026-05-19 12:06:28,059 [INFO] __main__: ============================================================
2026-05-19 12:06:36,082 [INFO] __main__: Client connected. Total: 1
2026-05-19 12:06:40,018 [INFO] __main__: Simulation STARTED
2026-05-19 12:06:47,789 [INFO] __main__: Simulation STARTED
2026-05-19 12:06:49,858 [INFO] __main__: Simulation STARTED
2026-05-19 12:14:56,680 [INFO] __main__: Client disconnected
2026-05-19 12:14:57,015 [INFO] __main__: Client connected. Total: 1
2026-05-19 12:15:00,765 [INFO] __main__: Simulation STARTED
2026-05-19 12:15:13,807 [INFO] __main__: Client disconnected
2026-05-19 15:12:22,713 [INFO] __main__: ============================================================
2026-05-19 15:12:22,716 [INFO] __main__: Navigation system started
2026-05-19 15:12:22,717 [INFO] __main__: Version: 1.0.0
2026-05-19 15:12:22,717 [INFO] __main__: ============================================================
2026-05-19 15:12:28,421 [INFO] __main__: Client connected. Total: 1
2026-05-19 15:12:33,365 [INFO] __main__: Simulation STARTED
2026-05-19 15:18:33,957 [INFO] __main__: Client disconnected
2026-05-19 15:19:55,618 [INFO] __main__: ============================================================
2026-05-19 15:19:55,618 [INFO] __main__: Система навігації агротехніки — ЗАПУЩЕНО
2026-05-19 15:19:55,619 [INFO] __main__: Версія: 1.0.0
2026-05-19 15:19:55,619 [INFO] __main__: ============================================================
2026-05-19 15:19:55,957 [INFO] __main__: Клієнт підключився. Всього: 1
2026-05-19 15:19:59,775 [INFO] __main__: Клієнт відключився
2026-05-19 15:20:00,102 [INFO] __main__: Клієнт підключився. Всього: 1
2026-05-19 15:20:02,730 [INFO] __main__: ▶ Симуляцію ЗАПУЩЕНО
2026-05-19 15:20:23,707 [INFO] __main__: Клієнт відключився
2026-05-19 15:21:51,391 [INFO] __main__: ============================================================
2026-05-19 15:21:51,392 [INFO] __main__: Система навігації агротехніки — ЗАПУЩЕНО
2026-05-19 15:21:51,393 [INFO] __main__: Версія: 1.0.0
2026-05-19 15:21:51,393 [INFO] __main__: ============================================================
2026-05-19 15:21:52,573 [INFO] __main__: Клієнт підключився. Всього: 1
2026-05-19 15:21:55,207 [INFO] __main__: Клієнт відключився
2026-05-19 15:21:55,625 [INFO] __main__: Клієнт підключився. Всього: 1
2026-05-19 15:21:57,979 [INFO] __main__: ▶ Симуляцію ЗАПУЩЕНО
2026-05-19 15:22:02,988 [INFO] __main__: ⚡ Сценарій запущено: gnss_loss
2026-05-19 15:22:04,394 [INFO] __main__: ⏸ Симуляцію ПРИЗУПИНЕНО
2026-05-19 15:22:04,849 [INFO] navigation.nav_controller: ↺ NavigationController RESET виконано
2026-05-19 15:22:04,849 [INFO] __main__: ↺ Симуляцію СКИНУТО
2026-05-19 15:22:06,109 [INFO] __main__: ▶ Симуляцію ЗАПУЩЕНО
2026-05-19 17:42:42,056 [INFO] __main__: ============================================================
2026-05-19 17:42:42,058 [INFO] __main__: Система навігації агротехніки — ЗАПУЩЕНО
2026-05-19 17:42:42,058 [INFO] __main__: Версія: 1.0.0
2026-05-19 17:42:42,058 [INFO] __main__: ============================================================
2026-05-19 17:42:45,942 [INFO] __main__: Клієнт підключився. Всього: 1
2026-05-19 17:47:11,466 [INFO] __main__: Клієнт відключився
2026-05-19 17:59:24,846 [INFO] __main__: ============================================================
2026-05-19 17:59:24,847 [INFO] __main__: Система навігації агротехніки — ЗАПУЩЕНО
2026-05-19 17:59:24,847 [INFO] __main__: Версія: 1.0.0
2026-05-19 17:59:24,847 [INFO] __main__: ============================================================
2026-05-19 17:59:27,512 [INFO] __main__: Клієнт підключився. Всього: 1
2026-05-19 17:59:31,607 [INFO] __main__: Клієнт підключився. Всього: 2
2026-05-19 17:59:37,266 [INFO] __main__: ▶ Симуляцію ЗАПУЩЕНО
2026-05-19 17:59:53,132 [INFO] __main__: ▶ Симуляцію ЗАПУЩЕНО
2026-05-19 18:01:08,977 [INFO] navigation.nav_controller: ↺ NavigationController RESET виконано
2026-05-19 18:01:08,977 [INFO] __main__: ↺ Симуляцію СКИНУТО
2026-05-19 18:01:09,743 [INFO] __main__: ▶ Симуляцію ЗАПУЩЕНО
2026-05-19 18:01:10,643 [INFO] __main__: ⚡ Сценарій запущено: gnss_loss
2026-05-19 18:01:11,571 [INFO] __main__: ⚡ Сценарій запущено: extended_loss
2026-05-19 18:01:56,081 [INFO] __main__: Клієнт відключився
2026-05-19 18:01:56,082 [INFO] __main__: Клієнт відключився
2026-05-19 18:03:17,705 [INFO] __main__: ============================================================
2026-05-19 18:03:17,706 [INFO] __main__: Система навігації агротехніки — ЗАПУЩЕНО
2026-05-19 18:03:17,706 [INFO] __main__: Версія: 1.0.0
2026-05-19 18:03:17,707 [INFO] __main__: ============================================================
2026-05-19 18:03:17,816 [INFO] __main__: Клієнт підключився. Всього: 1
2026-05-19 18:03:18,456 [INFO] __main__: Клієнт підключився. Всього: 2
2026-05-19 18:03:21,813 [INFO] __main__: Клієнт відключився
2026-05-19 18:03:22,231 [INFO] __main__: Клієнт підключився. Всього: 2
2026-05-19 18:03:26,684 [INFO] __main__: ▶ Симуляцію ЗАПУЩЕНО
2026-05-19 18:03:30,984 [INFO] __main__: ⏸ Симуляцію ПРИЗУПИНЕНО
2026-05-19 18:04:10,193 [INFO] __main__: Клієнт відключився
2026-05-19 18:04:10,193 [INFO] __main__: Клієнт відключився
2026-05-19 18:07:03,784 [INFO] __main__: ============================================================
2026-05-19 18:07:03,785 [INFO] __main__: Система навігації агротехніки — ЗАПУЩЕНО
2026-05-19 18:07:03,786 [INFO] __main__: Версія: 1.0.0
2026-05-19 18:07:03,786 [INFO] __main__: ============================================================
2026-05-19 18:07:06,225 [INFO] __main__: Клієнт підключився. Всього: 1
2026-05-19 18:07:09,004 [INFO] __main__: Клієнт підключився. Всього: 2
2026-05-19 18:07:15,165 [INFO] __main__: ▶ Симуляцію ЗАПУЩЕНО
2026-05-19 18:08:12,170 [INFO] __main__: Клієнт відключився
2026-05-19 18:08:12,171 [INFO] __main__: Клієнт відключився
2026-05-19 18:08:14,107 [INFO] __main__: ============================================================
2026-05-19 18:08:14,110 [INFO] __main__: Система навігації агротехніки — ЗАПУЩЕНО
2026-05-19 18:08:14,110 [INFO] __main__: Версія: 1.0.0
2026-05-19 18:08:14,110 [INFO] __main__: ============================================================
2026-05-19 18:08:14,513 [INFO] __main__: Клієнт підключився. Всього: 1
2026-05-19 18:08:15,658 [INFO] __main__: Клієнт підключився. Всього: 2
2026-05-19 18:08:16,655 [INFO] __main__: Клієнт відключився
2026-05-19 18:08:16,961 [INFO] __main__: Клієнт підключився. Всього: 2
2026-05-19 18:08:34,367 [INFO] __main__: Клієнт відключився
2026-05-19 18:08:34,416 [INFO] __main__: Клієнт відключився
2026-05-19 18:08:35,964 [INFO] __main__: ============================================================
2026-05-19 18:08:35,964 [INFO] __main__: Система навігації агротехніки — ЗАПУЩЕНО
2026-05-19 18:08:35,964 [INFO] __main__: Версія: 1.0.0
2026-05-19 18:08:35,966 [INFO] __main__: ============================================================
2026-05-19 18:08:36,659 [INFO] __main__: Клієнт підключився. Всього: 1
2026-05-19 18:08:37,471 [INFO] __main__: Клієнт підключився. Всього: 2
2026-05-19 18:08:38,108 [INFO] __main__: Клієнт відключився
2026-05-19 18:08:38,426 [INFO] __main__: Клієнт підключився. Всього: 2
2026-05-19 18:09:01,905 [INFO] __main__: Клієнт відключився
2026-05-19 18:09:01,906 [INFO] __main__: Клієнт відключився
2026-05-19 18:09:04,506 [INFO] __main__: ============================================================
2026-05-19 18:09:04,506 [INFO] __main__: Система навігації агротехніки — ЗАПУЩЕНО
2026-05-19 18:09:04,507 [INFO] __main__: Версія: 1.0.0
2026-05-19 18:09:04,507 [INFO] __main__: ============================================================
2026-05-19 18:09:04,727 [INFO] __main__: Клієнт підключився. Всього: 1
2026-05-19 18:09:04,743 [INFO] __main__: Клієнт підключився. Всього: 2
2026-05-19 18:09:06,374 [INFO] __main__: Клієнт відключився
2026-05-19 18:09:06,777 [INFO] __main__: Клієнт підключився. Всього: 2
2026-05-19 18:09:20,403 [INFO] __main__: Клієнт відключився
2026-05-19 18:09:20,403 [INFO] __main__: Клієнт відключився
2026-05-19 18:09:22,072 [INFO] __main__: ============================================================
2026-05-19 18:09:22,073 [INFO] __main__: Система навігації агротехніки — ЗАПУЩЕНО
2026-05-19 18:09:22,074 [INFO] __main__: Версія: 1.0.0
2026-05-19 18:09:22,074 [INFO] __main__: ============================================================
2026-05-19 18:09:22,703 [INFO] __main__: Клієнт підключився. Всього: 1
2026-05-19 18:09:23,455 [INFO] __main__: Клієнт підключився. Всього: 2
2026-05-19 18:09:25,366 [INFO] __main__: Клієнт відключився
2026-05-19 18:09:25,746 [INFO] __main__: Клієнт підключився. Всього: 2
2026-05-19 18:09:36,880 [INFO] __main__: Клієнт відключився
2026-05-19 18:09:36,882 [INFO] __main__: Клієнт відключився
2026-05-19 18:09:38,172 [INFO] __main__: ============================================================
2026-05-19 18:09:38,172 [INFO] __main__: Система навігації агротехніки — ЗАПУЩЕНО
2026-05-19 18:09:38,173 [INFO] __main__: Версія: 1.0.0
2026-05-19 18:09:38,174 [INFO] __main__: ============================================================
2026-05-19 18:09:39,195 [INFO] __main__: Клієнт підключився. Всього: 1
2026-05-19 18:09:39,447 [INFO] __main__: Клієнт підключився. Всього: 2
2026-05-19 18:09:40,276 [INFO] __main__: Клієнт відключився
2026-05-19 18:09:40,627 [INFO] __main__: Клієнт підключився. Всього: 2
2026-05-19 18:09:50,405 [INFO] __main__: Клієнт підключився. Всього: 3
2026-05-19 18:10:09,306 [INFO] __main__: ▶ Симуляцію ЗАПУЩЕНО
2026-05-19 18:10:19,439 [INFO] __main__: ▶ Симуляцію ЗАПУЩЕНО
2026-05-19 18:10:24,130 [INFO] __main__: ▶ Симуляцію ЗАПУЩЕНО
2026-05-19 18:10:33,037 [INFO] __main__: ⚡ Сценарій запущено: gnss_loss
2026-05-19 18:10:33,488 [INFO] __main__: ⚡ Сценарій запущено: extended_loss
2026-05-19 18:10:35,221 [INFO] navigation.nav_controller: ↺ NavigationController RESET виконано
2026-05-19 18:10:35,221 [INFO] __main__: ↺ Симуляцію СКИНУТО
2026-05-19 18:10:52,464 [INFO] __main__: ▶ Симуляцію ЗАПУЩЕНО
2026-05-19 18:10:53,388 [INFO] __main__: ▶ Симуляцію ЗАПУЩЕНО
2026-05-19 18:11:04,167 [INFO] __main__: ▶ Симуляцію ЗАПУЩЕНО
2026-05-19 18:11:04,918 [INFO] __main__: ▶ Симуляцію ЗАПУЩЕНО
2026-05-19 18:15:11,225 [INFO] __main__: Клієнт відключився
2026-05-19 18:15:11,225 [INFO] __main__: Клієнт відключився
2026-05-19 18:15:11,226 [INFO] __main__: Клієнт відключився
2026-05-19 18:15:20,857 [INFO] __main__: ============================================================
2026-05-19 18:15:20,858 [INFO] __main__: Система навігації агротехніки — ЗАПУЩЕНО
2026-05-19 18:15:20,858 [INFO] __main__: Версія: 1.0.0
2026-05-19 18:15:20,858 [INFO] __main__: ============================================================
2026-05-19 18:15:20,967 [INFO] __main__: Клієнт підключився. Всього: 1
2026-05-19 18:15:21,446 [INFO] __main__: Клієнт підключився. Всього: 2
2026-05-19 18:15:22,151 [INFO] __main__: Клієнт підключився. Всього: 3
2026-05-19 18:15:24,750 [INFO] __main__: Клієнт відключився
2026-05-19 18:15:25,168 [INFO] __main__: Клієнт підключився. Всього: 3
2026-05-19 18:15:36,399 [INFO] __main__: ▶ Симуляцію ЗАПУЩЕНО
2026-05-19 18:15:36,399 [ERROR] __main__: WebSocket send failed: WebSocket.send_json() got an unexpected keyword argument 'default'
Traceback (most recent call last):
  File "C:\Users\olexi\OneDrive\Рабочий стол\Vitalia\Agro-Navigation\main.py", line 114, in websocket_endpoint
    await client.send_json(telemetry, default=str)
          ^^^^^^^^^^^^^^^^^^^^^^^^^^^^^^^^^^^^^^^^
TypeError: WebSocket.send_json() got an unexpected keyword argument 'default'
2026-05-19 18:15:36,403 [ERROR] __main__: WebSocket send failed: WebSocket.send_json() got an unexpected keyword argument 'default'
Traceback (most recent call last):
  File "C:\Users\olexi\OneDrive\Рабочий стол\Vitalia\Agro-Navigation\main.py", line 114, in websocket_endpoint
    await client.send_json(telemetry, default=str)
          ^^^^^^^^^^^^^^^^^^^^^^^^^^^^^^^^^^^^^^^^
TypeError: WebSocket.send_json() got an unexpected keyword argument 'default'
2026-05-19 18:15:36,403 [ERROR] __main__: WebSocket send failed: WebSocket.send_json() got an unexpected keyword argument 'default'
Traceback (most recent call last):
  File "C:\Users\olexi\OneDrive\Рабочий стол\Vitalia\Agro-Navigation\main.py", line 114, in websocket_endpoint
    await client.send_json(telemetry, default=str)
          ^^^^^^^^^^^^^^^^^^^^^^^^^^^^^^^^^^^^^^^^
TypeError: WebSocket.send_json() got an unexpected keyword argument 'default'
2026-05-19 18:34:21,037 [INFO] __main__: Клієнт відключився
2026-05-19 18:34:21,039 [INFO] __main__: Клієнт відключився
2026-05-19 18:34:21,039 [INFO] __main__: Клієнт відключився
2026-05-19 18:34:27,236 [INFO] __main__: ============================================================
2026-05-19 18:34:27,237 [INFO] __main__: Система навігації агротехніки — ЗАПУЩЕНО
2026-05-19 18:34:27,237 [INFO] __main__: Версія: 1.0.0
2026-05-19 18:34:27,237 [INFO] __main__: ============================================================
2026-05-19 18:34:27,524 [INFO] __main__: Клієнт підключився. Всього: 1
2026-05-19 18:34:27,733 [INFO] __main__: Клієнт підключився. Всього: 2
2026-05-19 18:34:28,449 [INFO] __main__: Клієнт підключився. Всього: 3
2026-05-19 18:34:35,304 [INFO] __main__: Клієнт відключився
2026-05-19 18:34:35,687 [INFO] __main__: Клієнт підключився. Всього: 3
2026-05-19 18:34:41,093 [INFO] __main__: ▶ Симуляцію ЗАПУЩЕНО
2026-05-19 18:34:49,171 [INFO] __main__: ⚡ Сценарій запущено: gnss_loss
2026-05-19 18:35:07,902 [INFO] __main__: ⚡ Сценарій запущено: extended_loss
2026-05-19 18:43:59,018 [INFO] __main__: Клієнт відключився
2026-05-19 18:43:59,019 [INFO] __main__: Клієнт відключився
2026-05-19 18:43:59,020 [INFO] __main__: Клієнт відключився
2026-05-19 18:44:01,074 [INFO] __main__: ============================================================
2026-05-19 18:44:01,075 [INFO] __main__: Система навігації агротехніки — ЗАПУЩЕНО
2026-05-19 18:44:01,075 [INFO] __main__: Версія: 1.0.0
2026-05-19 18:44:01,075 [INFO] __main__: ============================================================
2026-05-19 18:44:01,343 [INFO] __main__: Клієнт підключився. Всього: 1
2026-05-19 18:44:01,448 [INFO] __main__: Клієнт підключився. Всього: 2
2026-05-19 18:44:01,463 [INFO] __main__: Клієнт підключився. Всього: 3
2026-05-19 18:44:03,784 [INFO] __main__: Клієнт відключився
2026-05-19 18:44:04,155 [INFO] __main__: Клієнт підключився. Всього: 3
2026-05-19 18:44:07,786 [INFO] __main__: ▶ Симуляцію ЗАПУЩЕНО
2026-05-19 18:44:13,398 [INFO] __main__: ⚡ Сценарій запущено: gnss_loss
2026-05-19 18:44:26,455 [INFO] __main__: ⚡ Сценарій запущено: extended_loss
2026-05-19 18:45:47,430 [INFO] __main__: ⚡ Сценарій запущено: extended_loss
2026-05-19 18:48:40,307 [INFO] __main__: Клієнт відключився
2026-05-19 18:48:40,308 [INFO] __main__: Клієнт відключився
2026-05-19 18:48:40,308 [INFO] __main__: Клієнт відключився
2026-05-19 18:48:57,126 [INFO] __main__: ============================================================
2026-05-19 18:48:57,127 [INFO] __main__: Система навігації агротехніки — ЗАПУЩЕНО
2026-05-19 18:48:57,128 [INFO] __main__: Версія: 1.0.0
2026-05-19 18:48:57,128 [INFO] __main__: ============================================================
2026-05-19 18:48:57,151 [INFO] __main__: Клієнт підключився. Всього: 1
2026-05-19 18:48:57,520 [INFO] __main__: Клієнт підключився. Всього: 2
2026-05-19 18:48:58,454 [INFO] __main__: Клієнт підключився. Всього: 3
2026-05-19 18:48:59,858 [INFO] __main__: Клієнт відключився
2026-05-19 18:49:00,130 [INFO] __main__: Клієнт підключився. Всього: 3
2026-05-19 18:49:41,273 [INFO] __main__: Клієнт відключився
2026-05-19 18:49:41,275 [INFO] __main__: Клієнт відключився
2026-05-19 18:49:41,276 [INFO] __main__: Клієнт відключився
2026-05-19 18:49:43,203 [INFO] __main__: ============================================================
2026-05-19 18:49:43,204 [INFO] __main__: Система навігації агротехніки — ЗАПУЩЕНО
2026-05-19 18:49:43,205 [INFO] __main__: Версія: 1.0.0
2026-05-19 18:49:43,205 [INFO] __main__: ============================================================
2026-05-19 18:49:43,591 [INFO] __main__: Клієнт підключився. Всього: 1
2026-05-19 18:49:44,451 [INFO] __main__: Клієнт підключився. Всього: 2
2026-05-19 18:49:44,467 [INFO] __main__: Клієнт підключився. Всього: 3
2026-05-19 18:49:45,917 [INFO] __main__: Клієнт відключився
2026-05-19 18:49:46,267 [INFO] __main__: Клієнт підключився. Всього: 3
2026-05-19 18:49:54,576 [INFO] __main__: ▶ Симуляцію ЗАПУЩЕНО
2026-05-19 18:50:55,196 [INFO] __main__: ⚡ Сценарій запущено: extended_loss
2026-05-19 18:52:45,591 [INFO] __main__: Клієнт відключився
2026-05-19 18:53:06,462 [INFO] __main__: Клієнт відключився
2026-05-19 18:53:06,523 [INFO] __main__: Клієнт відключився
2026-05-19 18:53:08,224 [INFO] __main__: ============================================================
2026-05-19 18:53:08,225 [INFO] __main__: Система навігації агротехніки — ЗАПУЩЕНО
2026-05-19 18:53:08,225 [INFO] __main__: Версія: 1.0.0
2026-05-19 18:53:08,225 [INFO] __main__: ============================================================
2026-05-19 18:53:08,780 [INFO] __main__: Клієнт підключився. Всього: 1
2026-05-19 18:53:09,432 [INFO] __main__: Клієнт підключився. Всього: 2
2026-05-19 18:53:12,057 [INFO] __main__: Клієнт відключився
2026-05-19 18:53:12,406 [INFO] __main__: Клієнт підключився. Всього: 2
2026-05-19 18:53:15,179 [INFO] __main__: ▶ Симуляцію ЗАПУЩЕНО
2026-05-19 18:53:17,821 [INFO] __main__: ⚡ Сценарій запущено: extended_loss
2026-05-19 18:57:19,563 [INFO] __main__: Клієнт відключився
2026-05-19 18:57:19,563 [INFO] __main__: Клієнт відключився
2026-05-19 18:57:22,097 [INFO] __main__: ============================================================
2026-05-19 18:57:22,097 [INFO] __main__: Система навігації агротехніки — ЗАПУЩЕНО
2026-05-19 18:57:22,097 [INFO] __main__: Версія: 1.0.0
2026-05-19 18:57:22,098 [INFO] __main__: ============================================================
2026-05-19 18:57:22,389 [INFO] __main__: Клієнт підключився. Всього: 1
2026-05-19 18:57:22,443 [INFO] __main__: Клієнт підключився. Всього: 2
2026-05-19 18:57:24,043 [INFO] __main__: Клієнт відключився
2026-05-19 18:57:24,328 [INFO] __main__: Клієнт підключився. Всього: 2
2026-05-19 18:57:26,645 [INFO] __main__: ▶ Симуляцію ЗАПУЩЕНО
2026-05-19 18:57:28,744 [INFO] __main__: ⚡ Сценарій запущено: gnss_loss
2026-05-19 18:57:43,135 [INFO] __main__: ⚡ Сценарій запущено: extended_loss
2026-05-19 18:58:59,046 [INFO] __main__: Клієнт відключився
2026-05-19 18:58:59,046 [INFO] __main__: Клієнт відключився
2026-05-19 18:59:00,438 [INFO] __main__: ============================================================
2026-05-19 18:59:00,438 [INFO] __main__: Система навігації агротехніки — ЗАПУЩЕНО
2026-05-19 18:59:00,438 [INFO] __main__: Версія: 1.0.0
2026-05-19 18:59:00,438 [INFO] __main__: ============================================================
2026-05-19 18:59:01,332 [INFO] __main__: Клієнт підключився. Всього: 1
2026-05-19 18:59:01,453 [INFO] __main__: Клієнт підключився. Всього: 2
2026-05-19 18:59:02,014 [INFO] __main__: Клієнт відключився
2026-05-19 18:59:02,310 [INFO] __main__: Клієнт підключився. Всього: 2
2026-05-19 18:59:03,625 [INFO] __main__: ▶ Симуляцію ЗАПУЩЕНО
2026-05-19 18:59:04,798 [INFO] __main__: ⚡ Сценарій запущено: extended_loss
2026-05-19 18:59:54,393 [INFO] navigation.nav_controller: ↺ NavigationController RESET виконано
2026-05-19 18:59:54,393 [INFO] __main__: ↺ Симуляцію СКИНУТО
2026-05-19 18:59:55,774 [INFO] navigation.nav_controller: ↺ NavigationController RESET виконано
2026-05-19 18:59:55,774 [INFO] __main__: ↺ Симуляцію СКИНУТО
2026-05-19 18:59:56,693 [INFO] __main__: ▶ Симуляцію ЗАПУЩЕНО
2026-05-19 19:03:42,250 [INFO] __main__: ⚡ Сценарій запущено: extended_loss
2026-05-19 19:04:53,622 [INFO] __main__: ⏸ Симуляцію ПРИЗУПИНЕНО
2026-05-19 19:04:54,381 [INFO] navigation.nav_controller: ↺ NavigationController RESET виконано
2026-05-19 19:04:54,381 [INFO] __main__: ↺ Симуляцію СКИНУТО
2026-05-19 19:04:56,318 [INFO] __main__: Клієнт відключився
2026-05-19 19:05:03,182 [INFO] __main__: Клієнт відключився
